<?xml version="1.0" encoding="UTF-8"?>
<testng-results ignored="0" total="1" passed="1" failed="0" skipped="0">
  <reporter-output>
  </reporter-output>
  <suite started-at="2026-05-05T22:30:05 IST" name="Suite" finished-at="2026-05-05T22:30:15 IST" duration-ms="9100">
    <groups>
    </groups>
    <test started-at="2026-05-05T22:30:05 IST" name="Test" finished-at="2026-05-05T22:30:15 IST" duration-ms="9100">
      <class name="Actual_Test.MyShopping">
        <test-method is-config="true" signature="launch_bro()[pri:0, instance:Actual_Test.MyShopping@28eaa59a]" started-at="2026-05-05T22:30:06 IST" name="launch_bro" finished-at="2026-05-05T22:30:07 IST" duration-ms="1918" status="PASS">
          <reporter-output>
          </reporter-output>
        </test-method> <!-- launch_bro -->
        <test-method signature="startshop()[pri:0, instance:Actual_Test.MyShopping@28eaa59a]" started-at="2026-05-05T22:30:07 IST" name="startshop" finished-at="2026-05-05T22:30:15 IST" duration-ms="7126" status="PASS">
          <reporter-output>
          </reporter-output>
        </test-method> <!-- startshop -->
      </class> <!-- Actual_Test.MyShopping -->
    </test> <!-- Test -->
  </suite> <!-- Suite -->
</testng-results>
